Build started 12/02/2019 14:57:21.
     1>Project "c:\Users\usuario\documents\visual studio 2010\Projects\ttt\ttt\ttt.vcxproj" on node 2 (build target(s)).
     1>InitializeBuildStatus:
         Creating "Debug\ttt.unsuccessfulbuild" because "AlwaysCreate" was specified.
       ClCompile:
         All outputs are up-to-date.
         c:\Program Files (x86)\Microsoft Visual Studio 10.0\VC\bin\CL.exe /c /ZI /nologo /W3 /WX- /Od /Oy- /D WIN32 /D _DEBUG /D _CONSOLE /D _UNICODE /D UNICODE /Gm /EHsc /RTC1 /MDd /GS /fp:precise /Zc:wchar_t /Zc:forScope /Yu"StdAfx.h" /Fp"Debug\ttt.pch" /Fo"Debug\\" /Fd"Debug\vc100.pdb" /Gd /TP /analyze- /errorReport:prompt ttt.cpp
         ttt.cpp
     1>c:\users\usuario\documents\visual studio 2010\projects\ttt\ttt\ttt.cpp(21): warning C4244: '=' : conversion from 'double' to 'float', possible loss of data
       ManifestResourceCompile:
         All outputs are up-to-date.
       Link:
         c:\Program Files (x86)\Microsoft Visual Studio 10.0\VC\bin\link.exe /ERRORREPORT:PROMPT /OUT:"c:\users\usuario\documents\visual studio 2010\Projects\ttt\Debug\ttt.exe" /INCREMENTAL /NOLOGO kernel32.lib user32.lib gdi32.lib winspool.lib comdlg32.lib advapi32.lib shell32.lib ole32.lib oleaut32.lib uuid.lib odbc32.lib odbccp32.lib /MANIFEST /ManifestFile:"Debug\ttt.exe.intermediate.manifest" /MANIFESTUAC:"level='asInvoker' uiAccess='false'" /DEBUG /PDB:"c:\users\usuario\documents\visual studio 2010\Projects\ttt\Debug\ttt.pdb" /SUBSYSTEM:CONSOLE /TLBID:1 /DYNAMICBASE /NXCOMPAT /IMPLIB:"c:\users\usuario\documents\visual studio 2010\Projects\ttt\Debug\ttt.lib" /MACHINE:X86 Debug\ttt.exe.embed.manifest.res
         Debug\stdafx.obj
         Debug\ttt.obj
       Manifest:
         C:\Program Files (x86)\Microsoft SDKs\Windows\v7.0A\bin\mt.exe /nologo /verbose /out:"Debug\ttt.exe.embed.manifest" /manifest Debug\ttt.exe.intermediate.manifest
         All outputs are up-to-date.
       LinkEmbedManifest:
         All outputs are up-to-date.
         ttt.vcxproj -> c:\users\usuario\documents\visual studio 2010\Projects\ttt\Debug\ttt.exe
       FinalizeBuildStatus:
         Deleting file "Debug\ttt.unsuccessfulbuild".
         Touching "Debug\ttt.lastbuildstate".
     1>Done Building Project "c:\Users\usuario\documents\visual studio 2010\Projects\ttt\ttt\ttt.vcxproj" (build target(s)).

Build succeeded.

Time Elapsed 00:00:01.01
